[debug] [2021-09-29T16:25:27.353Z] ----------------------------------------------------------------------
[debug] [2021-09-29T16:25:27.356Z] Command:       C:\Program Files\nodejs\node.exe C:\Users\vaibh\AppData\Roaming\npm\node_modules\firebase-tools\lib\bin\firebase.js init
[debug] [2021-09-29T16:25:27.356Z] CLI Version:   9.18.0
[debug] [2021-09-29T16:25:27.356Z] Platform:      win32
[debug] [2021-09-29T16:25:27.356Z] Node Version:  v14.17.4
[debug] [2021-09-29T16:25:27.362Z] Time:          Wed Sep 29 2021 21:55:27 GMT+0530 (India Standard Time)
[debug] [2021-09-29T16:25:27.362Z] ----------------------------------------------------------------------
[debug] 
[debug] [2021-09-29T16:25:27.369Z] > command requires scopes: ["email","openid","https://www.googleapis.com/auth/cloudplatformprojects.readonly","https://www.googleapis.com/auth/firebase","https://www.googleapis.com/auth/cloud-platform"]
[debug] [2021-09-29T16:25:27.370Z] > authorizing via signed-in user (vaibhavsathawane11@gmail.com)
[info] 
     ######## #### ########  ######## ########     ###     ######  ########
     ##        ##  ##     ## ##       ##     ##  ##   ##  ##       ##
     ######    ##  ########  ######   ########  #########  ######  ######
     ##        ##  ##    ##  ##       ##     ## ##     ##       ## ##
     ##       #### ##     ## ######## ########  ##     ##  ######  ########

You're about to initialize a Firebase project in this directory:

  D:\Code n programs\MERN Stack\frontend

[info] 
=== Project Setup
[info] 
[info] First, let's associate this project directory with a Firebase project.
[info] You can create multiple project aliases by running firebase use --add, 
[info] but for now we'll just set up a default project.
[info] 
[debug] [2021-09-29T16:26:32.155Z] >>> [apiv2][query] GET https://firebase.googleapis.com/v1beta1/projects pageSize=100
[debug] [2021-09-29T16:26:32.930Z] <<< [apiv2][status] GET https://firebase.googleapis.com/v1beta1/projects 200
[debug] [2021-09-29T16:26:32.931Z] <<< [apiv2][body] GET https://firebase.googleapis.com/v1beta1/projects [omitted]
